C:\Program Files\Microsoft Visual Studio\2022\Community\MSBuild\Microsoft\VC\v170\Microsoft.CppBuild.targets(534,5): warning MSB8028: Katalog pośredni (x64\Debug\) zawiera pliki udostępnione z innego projektu (szablon2vs17.vcxproj). Może to spowodować niepoprawne zachowanie podczas oczyszczania i ponownej kompilacji.
  main1.cpp
C:\Program Files (x86)\Windows Kits\10\Include\10.0.19041.0\ucrt\corecrt_math_defines.h(28,1): warning C4005: "M_PI": ponowna definicja makra
C:\Users\szymo\Desktop\SpyHunterPP1\template-project-2\SDL2-2.0.10\include\SDL_stdinc.h(499): message : zobacz poprzednią definicję „M_PI”
C:\Users\szymo\Desktop\SpyHunterPP1\template-project-2\main1.cpp(134,7): warning C4996: 'fopen': This function or variable may be unsafe. Consider using fopen_s instead. To disable deprecation, use _CRT_SECURE_NO_WARNINGS. See online help for details.
C:\Users\szymo\Desktop\SpyHunterPP1\template-project-2\main1.cpp(239,76): warning C4267: "argument": konwersja z "size_t" do "int", możliwa utrata danych
C:\Users\szymo\Desktop\SpyHunterPP1\template-project-2\main1.cpp(245,84): warning C4267: "argument": konwersja z "size_t" do "int", możliwa utrata danych
C:\Users\szymo\Desktop\SpyHunterPP1\template-project-2\main1.cpp(238,2): warning C4996: 'sprintf': This function or variable may be unsafe. Consider using sprintf_s instead. To disable deprecation, use _CRT_SECURE_NO_WARNINGS. See online help for details.
C:\Users\szymo\Desktop\SpyHunterPP1\template-project-2\main1.cpp(240,2): warning C4996: 'sprintf': This function or variable may be unsafe. Consider using sprintf_s instead. To disable deprecation, use _CRT_SECURE_NO_WARNINGS. See online help for details.
C:\Users\szymo\Desktop\SpyHunterPP1\template-project-2\main1.cpp(244,3): warning C4996: 'sprintf': This function or variable may be unsafe. Consider using sprintf_s instead. To disable deprecation, use _CRT_SECURE_NO_WARNINGS. See online help for details.
C:\Users\szymo\Desktop\SpyHunterPP1\template-project-2\main1.cpp(254,76): warning C4267: "argument": konwersja z "size_t" do "int", możliwa utrata danych
C:\Users\szymo\Desktop\SpyHunterPP1\template-project-2\main1.cpp(259,77): warning C4267: "argument": konwersja z "size_t" do "int", możliwa utrata danych
C:\Users\szymo\Desktop\SpyHunterPP1\template-project-2\main1.cpp(253,2): warning C4996: 'sprintf': This function or variable may be unsafe. Consider using sprintf_s instead. To disable deprecation, use _CRT_SECURE_NO_WARNINGS. See online help for details.
C:\Users\szymo\Desktop\SpyHunterPP1\template-project-2\main1.cpp(258,3): warning C4996: 'sprintf': This function or variable may be unsafe. Consider using sprintf_s instead. To disable deprecation, use _CRT_SECURE_NO_WARNINGS. See online help for details.
C:\Users\szymo\Desktop\SpyHunterPP1\template-project-2\main1.cpp(261,3): warning C4996: 'sprintf': This function or variable may be unsafe. Consider using sprintf_s instead. To disable deprecation, use _CRT_SECURE_NO_WARNINGS. See online help for details.
C:\Users\szymo\Desktop\SpyHunterPP1\template-project-2\main1.cpp(263,3): warning C4996: 'sprintf': This function or variable may be unsafe. Consider using sprintf_s instead. To disable deprecation, use _CRT_SECURE_NO_WARNINGS. See online help for details.
C:\Users\szymo\Desktop\SpyHunterPP1\template-project-2\main1.cpp(265,3): warning C4996: 'sprintf': This function or variable may be unsafe. Consider using sprintf_s instead. To disable deprecation, use _CRT_SECURE_NO_WARNINGS. See online help for details.
C:\Users\szymo\Desktop\SpyHunterPP1\template-project-2\main1.cpp(267,3): warning C4996: 'sprintf': This function or variable may be unsafe. Consider using sprintf_s instead. To disable deprecation, use _CRT_SECURE_NO_WARNINGS. See online help for details.
C:\Users\szymo\Desktop\SpyHunterPP1\template-project-2\main1.cpp(269,3): warning C4996: 'sprintf': This function or variable may be unsafe. Consider using sprintf_s instead. To disable deprecation, use _CRT_SECURE_NO_WARNINGS. See online help for details.
C:\Users\szymo\Desktop\SpyHunterPP1\template-project-2\main1.cpp(271,3): warning C4996: 'sprintf': This function or variable may be unsafe. Consider using sprintf_s instead. To disable deprecation, use _CRT_SECURE_NO_WARNINGS. See online help for details.
C:\Users\szymo\Desktop\SpyHunterPP1\template-project-2\main1.cpp(273,3): warning C4996: 'sprintf': This function or variable may be unsafe. Consider using sprintf_s instead. To disable deprecation, use _CRT_SECURE_NO_WARNINGS. See online help for details.
C:\Users\szymo\Desktop\SpyHunterPP1\template-project-2\main1.cpp(308,13): warning C4996: 'localtime': This function or variable may be unsafe. Consider using localtime_s instead. To disable deprecation, use _CRT_SECURE_NO_WARNINGS. See online help for details.
C:\Users\szymo\Desktop\SpyHunterPP1\template-project-2\main1.cpp(325,9): warning C4996: 'fopen': This function or variable may be unsafe. Consider using fopen_s instead. To disable deprecation, use _CRT_SECURE_NO_WARNINGS. See online help for details.
C:\Users\szymo\Desktop\SpyHunterPP1\template-project-2\main1.cpp(326,2): warning C4996: 'fscanf': This function or variable may be unsafe. Consider using fscanf_s instead. To disable deprecation, use _CRT_SECURE_NO_WARNINGS. See online help for details.
C:\Users\szymo\Desktop\SpyHunterPP1\template-project-2\main1.cpp(332,9): warning C4996: 'fopen': This function or variable may be unsafe. Consider using fopen_s instead. To disable deprecation, use _CRT_SECURE_NO_WARNINGS. See online help for details.
C:\Users\szymo\Desktop\SpyHunterPP1\template-project-2\main1.cpp(333,2): warning C4996: 'fscanf': This function or variable may be unsafe. Consider using fscanf_s instead. To disable deprecation, use _CRT_SECURE_NO_WARNINGS. See online help for details.
C:\Users\szymo\Desktop\SpyHunterPP1\template-project-2\main1.cpp(334,2): warning C4996: 'fscanf': This function or variable may be unsafe. Consider using fscanf_s instead. To disable deprecation, use _CRT_SECURE_NO_WARNINGS. See online help for details.
C:\Users\szymo\Desktop\SpyHunterPP1\template-project-2\main1.cpp(335,2): warning C4996: 'fscanf': This function or variable may be unsafe. Consider using fscanf_s instead. To disable deprecation, use _CRT_SECURE_NO_WARNINGS. See online help for details.
C:\Users\szymo\Desktop\SpyHunterPP1\template-project-2\main1.cpp(336,2): warning C4996: 'fscanf': This function or variable may be unsafe. Consider using fscanf_s instead. To disable deprecation, use _CRT_SECURE_NO_WARNINGS. See online help for details.
C:\Users\szymo\Desktop\SpyHunterPP1\template-project-2\main1.cpp(337,2): warning C4996: 'fscanf': This function or variable may be unsafe. Consider using fscanf_s instead. To disable deprecation, use _CRT_SECURE_NO_WARNINGS. See online help for details.
C:\Users\szymo\Desktop\SpyHunterPP1\template-project-2\main1.cpp(346,9): warning C4996: 'fopen': This function or variable may be unsafe. Consider using fopen_s instead. To disable deprecation, use _CRT_SECURE_NO_WARNINGS. See online help for details.
C:\Users\szymo\Desktop\SpyHunterPP1\template-project-2\main1.cpp(355,9): warning C4996: 'fopen': This function or variable may be unsafe. Consider using fopen_s instead. To disable deprecation, use _CRT_SECURE_NO_WARNINGS. See online help for details.
C:\Users\szymo\Desktop\SpyHunterPP1\template-project-2\main1.cpp(359,9): warning C4996: 'fopen': This function or variable may be unsafe. Consider using fopen_s instead. To disable deprecation, use _CRT_SECURE_NO_WARNINGS. See online help for details.
C:\Users\szymo\Desktop\SpyHunterPP1\template-project-2\main1.cpp(369,9): warning C4996: 'fopen': This function or variable may be unsafe. Consider using fopen_s instead. To disable deprecation, use _CRT_SECURE_NO_WARNINGS. See online help for details.
C:\Users\szymo\Desktop\SpyHunterPP1\template-project-2\main1.cpp(368,6): warning C4101: "number": lokalna zmienna, do której nie istnieje odwołanie
C:\Users\szymo\Desktop\SpyHunterPP1\template-project-2\main1.cpp(379,43): warning C4244: "+=": konwersja z "double" do "int", możliwa utrata danych
C:\Users\szymo\Desktop\SpyHunterPP1\template-project-2\main1.cpp(400,39): warning C4838: konwersja z „Uint32” do „int” wymaga konwersji zawężającej
C:\Users\szymo\Desktop\SpyHunterPP1\template-project-2\main1.cpp(440,40): warning C4244: "argument": konwersja z "double" do "int", możliwa utrata danych
C:\Users\szymo\Desktop\SpyHunterPP1\template-project-2\main1.cpp(442,32): warning C4244: "=": konwersja z "double" do "int", możliwa utrata danych
C:\Users\szymo\Desktop\SpyHunterPP1\template-project-2\main1.cpp(443,37): warning C4244: "argument": konwersja z "double" do "int", możliwa utrata danych
C:\Users\szymo\Desktop\SpyHunterPP1\template-project-2\main1.cpp(447,69): warning C4244: "argument": konwersja z "int" do "const float", możliwa utrata danych
C:\Users\szymo\Desktop\SpyHunterPP1\template-project-2\main1.cpp(447,48): warning C4244: "argument": konwersja z "double" do "const float", możliwa utrata danych
C:\Users\szymo\Desktop\SpyHunterPP1\template-project-2\main1.cpp(453,68): warning C4244: "argument": konwersja z "int" do "const float", możliwa utrata danych
C:\Users\szymo\Desktop\SpyHunterPP1\template-project-2\main1.cpp(453,47): warning C4244: "argument": konwersja z "double" do "const float", możliwa utrata danych
C:\Users\szymo\Desktop\SpyHunterPP1\template-project-2\main1.cpp(397,12): warning C4101: "frames": lokalna zmienna, do której nie istnieje odwołanie
C:\Users\szymo\Desktop\SpyHunterPP1\template-project-2\main1.cpp(398,18): warning C4101: "buffer": lokalna zmienna, do której nie istnieje odwołanie
C:\Users\szymo\Desktop\SpyHunterPP1\template-project-2\main1.cpp(398,7): warning C4101: "text": lokalna zmienna, do której nie istnieje odwołanie
C:\Users\szymo\Desktop\SpyHunterPP1\template-project-2\main1.cpp(129): warning C4715: "ChoosingfFilename”: niewszystkie ścieżki kodu zwracają wartość
C:\Users\szymo\Desktop\SpyHunterPP1\template-project-2\main1.cpp(209): warning C4715: "GetPixel”: niewszystkie ścieżki kodu zwracają wartość
  szablon2vs19.vcxproj -> C:\Users\szymo\Desktop\SpyHunterPP1\template-project-2\x64\Debug\szablon2vs19.exe
