c:\users\szymo\desktop\spyhunterpp\template-project-2\x64\debug\vc143.pdb
c:\users\szymo\desktop\spyhunterpp\template-project-2\x64\debug\vc143.idb
c:\users\szymo\desktop\spyhunterpp\template-project-2\x64\debug\main.obj
c:\users\szymo\desktop\spyhunterpp1\template-project-2\x64\debug\vc143.pdb
c:\users\szymo\desktop\spyhunterpp1\template-project-2\x64\debug\vc143.idb
c:\users\szymo\desktop\spyhunterpp1\template-project-2\x64\debug\main.obj
c:\users\szymo\desktop\spyhunterpp\template-project-2\x64\debug\szablon2vs19.exe
c:\users\szymo\desktop\spyhunterpp\template-project-2\x64\debug\szablon2vs19.ilk
c:\users\szymo\desktop\spyhunterpp\template-project-2\x64\debug\szablon2vs19.pdb
c:\users\szymo\desktop\spyhunterpp1\template-project-2\x64\debug\szablon2vs19.exe
c:\users\szymo\desktop\spyhunterpp1\template-project-2\x64\debug\szablon2vs19.ilk
c:\users\szymo\desktop\spyhunterpp1\template-project-2\x64\debug\szablon2vs19.pdb
c:\users\szymo\desktop\spyhunterpp1\template-project-2\x64\debug\źródło.obj
c:\users\szymo\desktop\spyhunterpp1\template-project-2\x64\debug\main.obj.enc
c:\users\szymo\desktop\spyhunterpp1\template-project-2\x64\debug\szablon2vs17.ilk
c:\users\szymo\desktop\spyhunterpp1\template-project-2\x64\debug\szablon2vs17.pdb
c:\users\szymo\desktop\spyhunterpp1\template-project-2\x64\debug\szablon2vs19.tlog\cl.command.1.tlog
c:\users\szymo\desktop\spyhunterpp1\template-project-2\x64\debug\szablon2vs19.tlog\cl.read.1.tlog
c:\users\szymo\desktop\spyhunterpp1\template-project-2\x64\debug\szablon2vs19.tlog\cl.write.1.tlog
c:\users\szymo\desktop\spyhunterpp1\template-project-2\x64\debug\szablon2vs19.tlog\link.command.1.tlog
c:\users\szymo\desktop\spyhunterpp1\template-project-2\x64\debug\szablon2vs19.tlog\link.read.1.tlog
c:\users\szymo\desktop\spyhunterpp1\template-project-2\x64\debug\szablon2vs19.tlog\link.write.1.tlog
